make.exe all --print-data-base --no-builtin-variables --no-builtin-rules --question
make.exe: *** No rule to make target 'all'.  Stop.
 
# GNU Make 4.2.1
# Built for Windows32
# Copyright (C) 1988-2016 Free Software Foundation, Inc.
# License GPLv3+: GNU GPL version 3 or later <http://gnu.org/licenses/gpl.html>
# This is free software: you are free to change and redistribute it.
# There is NO WARRANTY, to the extent permitted by law.

# Make data base, printed on Mon Mar 21 12:00:50 2022

# Variables

# 'override' directive
GNUMAKEFLAGS := 
# automatic
<D = $(patsubst %/,%,$(patsubst %\,%,$(dir $<)))
# automatic
?F = $(notdir $?)
# default
.SHELLFLAGS := -c
# makefile (from 'Makefile', line 6)
OBJ = $(SRC:.cpp=.o)
# makefile (from 'Makefile', line 5)
SRC = $(wildcard *.cpp)
# makefile
MAKEFLAGS = pqrR
# environment
VSCODE_LOG_NATIVE = false
# automatic
?D = $(patsubst %/,%,$(patsubst %\,%,$(dir $?)))
# automatic
@D = $(patsubst %/,%,$(patsubst %\,%,$(dir $@)))
# environment
HOMEDRIVE = C:
# automatic
@F = $(notdir $@)
# automatic
^D = $(patsubst %/,%,$(patsubst %\,%,$(dir $^)))
# makefile
CURDIR := c:/Users/ait_l.LAPTOP-6NFPIMOP/Dropbox/Working/C++
# default
SHELL := sh.exe
# environment
WINDIR = C:\WINDOWS
# environment
VSCODE_NLS_CONFIG = {"locale":"fr","availableLanguages":{"*":"fr"},"_languagePackId":"1328d5a27aa48125becc66ea4f3c07a2.fr","_translationsConfigFile":"C:\\Users\\ait_l.LAPTOP-6NFPIMOP\\AppData\\Roaming\\Code\\clp\\1328d5a27aa48125becc66ea4f3c07a2.fr\\tcf.json","_cacheRoot":"C:\\Users\\ait_l.LAPTOP-6NFPIMOP\\AppData\\Roaming\\Code\\clp\\1328d5a27aa48125becc66ea4f3c07a2.fr","_resolvedLanguagePackCoreLocation":"C:\\Users\\ait_l.LAPTOP-6NFPIMOP\\AppData\\Roaming\\Code\\clp\\1328d5a27aa48125becc66ea4f3c07a2.fr\\c722ca6c7eed3d7987c0d5c3df5c45f6b15e77d1","_corruptedFile":"C:\\Users\\ait_l.LAPTOP-6NFPIMOP\\AppData\\Roaming\\Code\\clp\\1328d5a27aa48125becc66ea4f3c07a2.fr\\corrupted.info","_languagePackSupport":true}
# environment
ONEDRIVE = C:\Users\ait_l.LAPTOP-6NFPIMOP\OneDrive
# environment
PATHEXT = .COM;.EXE;.BAT;.CMD;.VBS;.VBE;.JS;.JSE;.WSF;.WSH;.MSC
# makefile (from 'Makefile', line 1)
MAKEFILE_LIST :=  Makefile
# environment
TMP = C:\Users\AIT_L~1.LAP\AppData\Local\Temp
# environment
VSCODE_VERBOSE_LOGGING = true
# environment
PROGRAMW6432 = C:\Program Files
# environment
PROGRAMDATA = C:\ProgramData
# environment
VSCODE_IPC_HOOK_EXTHOST = \\.\pipe\vscode-ipc-83b25b81-6071-4f5a-98e9-0efed17f36f5-sock
# environment
VSCODE_CWD = C:\Users\ait_l.LAPTOP-6NFPIMOP\AppData\Local\Programs\Microsoft VS Code
# default
MAKE_HOST := Windows32
# environment
PATH = C:\Program Files\Microsoft\jdk-11.0.12.7-hotspot\bin;C:\Program Files (x86)\Common Files\Oracle\Java\javapath;C:\WINDOWS\system32;C:\WINDOWS;C:\WINDOWS\System32\Wbem;C:\WINDOWS\System32\WindowsPowerShell\v1.0\;C:\WINDOWS\System32\OpenSSH\;C:\Program Files (x86)\GtkSharp\2.12\bin;C:\Program Files\Mono\bin;C:\Program Files\dotnet\;C:\Program Files\Microsoft SQL Server\130\Tools\Binn\;C:\Users\onace\AppData\Local\Programs\Python\Python39\Scripts;C:\Program Files (x86)\Microsoft SQL Server\150\DTS\Binn\;C:\Program Files\Microsoft SQL Server\150\Tools\Binn\;C:\Program Files\Microsoft SQL Server\Client SDK\ODBC\170\Tools\Binn\;C:\Program Files (x86)\Microsoft SQL Server\150\Tools\Binn\;C:\Program Files\Microsoft SQL Server\150\DTS\Binn\;C:\Program Files (x86)\Common Files\Oracle\Java\javapath;C:\WINDOWS\system32;C:\WINDOWS;C:\WINDOWS\System32\Wbem;C:\WINDOWS\System32\WindowsPowerShell\v1.0\;C:\WINDOWS\System32\OpenSSH\;C:\Program Files (x86)\GtkSharp\2.12\bin;C:\Program Files\Mono\bin;C:\Program Files\dotnet\;C:\Program Files\Microsoft SQL Server\130\Tools\Binn\;C:\Users\onace\AppData\Local\Programs\Python\Python39\Scripts;C:\Users\ait_l.LAPTOP-6NFPIMOP\AppData\Local\Microsoft\WindowsApps;C:\Users\ait_l.LAPTOP-6NFPIMOP\AppData\Local\Programs\Microsoft VS Code\bin;C:\Python34\Scripts;C:\MinGW\bin;C:\Users\ait_l.LAPTOP-6NFPIMOP\AppData\Local\GitHubDesktop\bin;C:\Users\ait_l.LAPTOP-6NFPIMOP\.dotnet\tools
# environment
COMMONPROGRAMW6432 = C:\Program Files\Common Files
# environment
PROCESSOR_ARCHITECTURE = AMD64
# environment
USERPROFILE = C:\Users\ait_l.LAPTOP-6NFPIMOP
# environment
ALLUSERSPROFILE = C:\ProgramData
# environment
VSCODE_LOG_STACK = false
# environment
NUMBER_OF_PROCESSORS = 2
# environment
ELECTRON_RUN_AS_NODE = 1
# makefile (from 'Makefile', line 3)
LDFLAGS = -lm
# default
.FEATURES := target-specific order-only second-expansion else-if shortest-stem undefine oneshell archives jobserver output-sync load
# automatic
%F = $(notdir $%)
# environment
CHROME_CRASHPAD_PIPE_NAME = \\.\pipe\crashpad_40824_FEXXDKLFSPXPIKQV
# environment
VSCODE_PIPE_LOGGING = true
# environment
COMPUTERNAME = LAPTOP-6NFPIMOP
# environment
PROGRAMFILES = C:\Program Files
# default
.LOADED := 
# environment
DRIVERDATA = C:\Windows\System32\Drivers\DriverData
# environment
ORIGINAL_XDG_CURRENT_DESKTOP = undefined
# environment
USERNAME = ait_l
# environment
PUBLIC = C:\Users\Public
# environment
VSCODE_AMD_ENTRYPOINT = vs/workbench/api/node/extensionHostProcess
# environment
VSCODE_CODE_CACHE_PATH = C:\Users\ait_l.LAPTOP-6NFPIMOP\AppData\Roaming\Code\CachedData\c722ca6c7eed3d7987c0d5c3df5c45f6b15e77d1
# environment
APPLICATION_INSIGHTS_NO_DIAGNOSTIC_CHANNEL = 1
# environment
COMMONPROGRAMFILES = C:\Program Files\Common Files
# environment
LOGONSERVER = \\LAPTOP-6NFPIMOP
# environment
ONEDRIVECONSUMER = C:\Users\ait_l.LAPTOP-6NFPIMOP\OneDrive
# environment
VSCODE_HANDLES_UNCAUGHT_ERRORS = true
# environment
USERDOMAIN = LAPTOP-6NFPIMOP
# environment
MAKELEVEL := 0
# default
MAKE = $(MAKE_COMMAND)
# default
MAKECMDGOALS := all
# makefile (from 'Makefile', line 1)
CC = g++
# default
MAKE_VERSION := 4.2.1
# makefile
.DEFAULT_GOAL := ex02
# makefile (from 'Makefile', line 2)
CCFLAGS = -c
# environment
PROGRAMFILES(X86) = C:\Program Files (x86)
# automatic
%D = $(patsubst %/,%,$(patsubst %\,%,$(dir $%)))
# environment
LOCALAPPDATA = C:\Users\ait_l.LAPTOP-6NFPIMOP\AppData\Local
# environment
PSMODULEPATH = C:\Program Files\WindowsPowerShell\Modules;C:\WINDOWS\system32\WindowsPowerShell\v1.0\Modules;C:\Program Files (x86)\Microsoft SQL Server\150\Tools\PowerShell\Modules\
# default
MAKE_COMMAND := make.exe
# default
.VARIABLES := 
# automatic
*F = $(notdir $*)
# environment
PROCESSOR_IDENTIFIER = AMD64 Family 23 Model 24 Stepping 1, AuthenticAMD
# environment
OS = Windows_NT
# environment
VSCODE_IPC_HOOK = \\.\pipe\add61af45d5a24a772abd18d2489d9f0-1.65.2-main-sock
# environment
HOMEPATH = \Users\ait_l.LAPTOP-6NFPIMOP
# environment
COMMONPROGRAMFILES(X86) = C:\Program Files (x86)\Common Files
# environment
PROMPT = $P$G
# environment
MFLAGS = -pqrR
# automatic
*D = $(patsubst %/,%,$(patsubst %\,%,$(dir $*)))
# environment
SYSTEMROOT = C:\WINDOWS
# automatic
+D = $(patsubst %/,%,$(patsubst %\,%,$(dir $+)))
# automatic
+F = $(notdir $+)
# environment
APPDATA = C:\Users\ait_l.LAPTOP-6NFPIMOP\AppData\Roaming
# environment
TEMP = C:\Users\AIT_L~1.LAP\AppData\Local\Temp
# environment
COMSPEC = C:\WINDOWS\system32\cmd.exe
# default
MAKEFILES := 
# automatic
<F = $(notdir $<)
# environment
LC_ALL = C
# automatic
^F = $(notdir $^)
# default
SUFFIXES := 
# environment
SYSTEMDRIVE = C:
# environment
SESSIONNAME = Console
# environment
PROCESSOR_REVISION = 1801
# default
.INCLUDE_DIRS = .
# default
.RECIPEPREFIX := 
# makefile (from 'Makefile', line 4)
EXE = ex02
# environment
LANG = C
# environment
PROCESSOR_LEVEL = 23
# environment
VSCODE_PID = 40824
# environment
USERDOMAIN_ROAMINGPROFILE = LAPTOP-6NFPIMOP
# variable set hash-table stats:
# Load=98/1024=10%, Rehash=0, Collisions=19/123=15%

# Pattern-specific Variable Values

# No pattern-specific variable values.

# Directories

# . (key c:/Users/ait_l.LAPTOP-6NFPIMOP/Dropbox/Working/C++, mtime 1646905799): 37 files, no impossibilities.

# 37 files, no impossibilities in 1 directories.

# Implicit Rules

%.o: %.cpp
#  recipe to execute (from 'Makefile', line 10):
	$(CC) $(CCFLAGS) $<

# 1 implicit rules, 0 (0.0%) terminal.

# Files

# Not a target:
QuickSort.o:
#  Implicit rule search has not been done.
#  Modification time never checked.
#  File has not been updated.

# Not a target:
all:
#  Command line target.
#  Implicit rule search has been done.
#  File does not exist.
#  File has not been updated.

# Not a target:
Vect.o:
#  Implicit rule search has not been done.
#  Modification time never checked.
#  File has not been updated.

# Not a target:
Makefile:
#  Implicit rule search has been done.
#  Last modified 2016-10-20 14:44:11
#  File has been updated.
#  Successfully updated.

# Not a target:
.DEFAULT:
#  Implicit rule search has not been done.
#  Modification time never checked.
#  File has not been updated.

ex02: tempCodeRunnerFile.o Vect.o QuickSort.o
#  Implicit rule search has not been done.
#  Modification time never checked.
#  File has not been updated.
#  recipe to execute (from 'Makefile', line 8):
	$(CC) -o $(EXE) $^ $(LDFLAGS)

clean:
#  Implicit rule search has not been done.
#  Modification time never checked.
#  File has not been updated.
#  recipe to execute (from 'Makefile', line 12):
	rm $(OBJ) $(EXE)

# Not a target:
tempCodeRunnerFile.o:
#  Implicit rule search has not been done.
#  Modification time never checked.
#  File has not been updated.

# files hash-table stats:
# Load=9/1024=1%, Rehash=0, Collisions=1/22=5%
# VPATH Search Paths

# No 'vpath' search paths.

# No general ('VPATH' variable) search path.

# strcache buffers: 1 (0) / strings = 47 / storage = 489 B / avg = 10 B
# current buf: size = 8162 B / used = 489 B / count = 47 / avg = 10 B

# strcache pe 
rformance: lookups = 53 / hit rate = 11%
# hash-table stats:
# Load=47/8192=1%, Rehash=0, Collisions=1/53=2%
# Finished Make data base on Mon Mar 21 12:00:50 2022

 
